[00:00:09] [Server thread/WARN]: Can't keep up! Is the server overloaded? Running 2034ms or 40 ticks behind
[00:00:24] [Server thread/INFO]: [fabiomigueldp: Teleported fabiomigueldp to notmaah]
[00:00:24] [Server thread/WARN]: fabiomigueldp moved too quickly! -40.192714231520426,-4.0,-2547.403611239179
[00:00:27] [Server thread/WARN]: Can't keep up! Is the server overloaded? Running 3055ms or 61 ticks behind
[00:00:50] [Server thread/WARN]: Can't keep up! Is the server overloaded? Running 7348ms or 146 ticks behind
[00:01:13] [Server thread/WARN]: Can't keep up! Is the server overloaded? Running 8054ms or 161 ticks behind
[00:01:33] [Server thread/WARN]: Can't keep up! Is the server overloaded? Running 4969ms or 99 ticks behind
[00:01:57] [Server thread/WARN]: Can't keep up! Is the server overloaded? Running 9156ms or 183 ticks behind
[00:02:18] [Server thread/WARN]: Can't keep up! Is the server overloaded? Running 5881ms or 117 ticks behind
[00:02:40] [Server thread/WARN]: Can't keep up! Is the server overloaded? Running 7585ms or 151 ticks behind
[00:03:02] [Server thread/WARN]: Can't keep up! Is the server overloaded? Running 7179ms or 143 ticks behind
[00:03:21] [Server thread/WARN]: Can't keep up! Is the server overloaded? Running 3551ms or 71 ticks behind
[00:03:41] [Server thread/WARN]: Can't keep up! Is the server overloaded? Running 5180ms or 103 ticks behind
[00:04:11] [Server thread/WARN]: Can't keep up! Is the server overloaded? Running 2234ms or 44 ticks behind
[00:04:36] [Server thread/WARN]: Can't keep up! Is the server overloaded? Running 2021ms or 40 ticks behind
[00:05:06] [Server thread/WARN]: Can't keep up! Is the server overloaded? Running 2085ms or 41 ticks behind
[00:05:13] [Server thread/INFO]: <Feka27> td mundo dorme
[00:05:25] [Server thread/INFO]: <Feka27> ou deixa de dia ai
[00:05:26] [Server thread/WARN]: Can't keep up! Is the server overloaded? Running 4667ms or 93 ticks behind
[00:05:27] [Server thread/INFO]: fabiomigueldp was killed
[00:05:27] [Server thread/INFO]: [fabiomigueldp: Killed fabiomigueldp]
[00:05:38] [Server thread/INFO]: <fabiomigueldp> estou indo para casa
[00:05:42] [Server thread/INFO]: <Feka27> to dormindo
[00:05:49] [Server thread/WARN]: Can't keep up! Is the server overloaded? Running 7851ms or 157 ticks behind
[00:06:10] [Server thread/WARN]: Can't keep up! Is the server overloaded? Running 6657ms or 133 ticks behind
[00:06:13] [Server thread/INFO]: <Feka27> falta o oko
[00:06:22] [Server thread/INFO]: fabiomigueldp has made the advancement [Sweet Dreams]
[00:06:28] [Server thread/WARN]: Can't keep up! Is the server overloaded? Running 2798ms or 55 ticks behind
[00:06:36] [Server thread/INFO]: <fabiomigueldp> não tenho cama
[00:06:46] [Server thread/WARN]: Can't keep up! Is the server overloaded? Running 3200ms or 64 ticks behind
[00:07:10] [Server thread/WARN]: Can't keep up! Is the server overloaded? Running 8133ms or 162 ticks behind
[00:07:30] [Server thread/WARN]: Can't keep up! Is the server overloaded? Running 5070ms or 101 ticks behind
[00:07:48] [Server thread/WARN]: Can't keep up! Is the server overloaded? Running 2076ms or 41 ticks behind
[00:08:10] [Server thread/WARN]: Can't keep up! Is the server overloaded? Running 2241ms or 44 ticks behind
[00:08:28] [Server thread/WARN]: Can't keep up! Is the server overloaded? Running 3400ms or 68 ticks behind
[00:09:41] [Server thread/WARN]: Can't keep up! Is the server overloaded? Running 2263ms or 45 ticks behind
[00:10:09] [Server thread/WARN]: Can't keep up! Is the server overloaded? Running 2004ms or 40 ticks behind
[00:10:38] [Server thread/INFO]: notmaah has made the advancement [Glow and Behold!]
[00:10:38] [Server thread/WARN]: Can't keep up! Is the server overloaded? Running 2023ms or 40 ticks behind
[00:10:53] [Server thread/INFO]: fabiomigueldp has made the advancement [Crafting a New Look]
[00:11:08] [Server thread/INFO]: [fabiomigueldp: Teleported fabiomigueldp to Feka27]
[00:11:08] [Server thread/WARN]: fabiomigueldp moved too quickly! -129.5248620022682,7.0,2764.287699477659
[00:11:17] [Server thread/WARN]: Can't keep up! Is the server overloaded? Running 2004ms or 40 ticks behind
[00:11:46] [Server thread/WARN]: Can't keep up! Is the server overloaded? Running 2001ms or 40 ticks behind
[00:12:04] [Server thread/WARN]: Can't keep up! Is the server overloaded? Running 3090ms or 61 ticks behind
[00:12:19] [Server thread/INFO]: <fabiomigueldp> que bosta o novo jeito de fazer armadura de netherite
[00:12:28] [Server thread/WARN]: Can't keep up! Is the server overloaded? Running 2030ms or 40 ticks behind
[00:12:33] [Server thread/INFO]: <fabiomigueldp> gastei um netherite para fazer um capacete horroroso
[00:12:44] [Server thread/INFO]: fabiomigueldp was killed
[00:12:44] [Server thread/INFO]: [fabiomigueldp: Killed fabiomigueldp]
[00:12:47] [Server thread/WARN]: Can't keep up! Is the server overloaded? Running 4419ms or 88 ticks behind
[00:13:03] [Server thread/INFO]: <fabiomigueldp> olhe meu capacete de netherite
[00:13:12] [Server thread/INFO]: <fabiomigueldp> é só uma linha de netherite
[00:13:16] [Server thread/INFO]: <notmaah> kkkkkkkkkkkk
[00:13:23] [Server thread/INFO]: <notmaah> foi caro?
[00:13:23] [Server thread/INFO]: <fabiomigueldp> (emoji de cocô)
[00:13:28] [Server thread/INFO]: <fabiomigueldp> foi um netherite
[00:13:38] [Server thread/WARN]: Can't keep up! Is the server overloaded? Running 2023ms or 40 ticks behind
[00:13:48] [Server thread/INFO]: <fabiomigueldp> e um padrão que o Feka achou
[00:13:56] [Server thread/WARN]: Can't keep up! Is the server overloaded? Running 3036ms or 60 ticks behind
[00:13:58] [Server thread/INFO]: <Feka27> feka é foda
[00:14:07] [Server thread/INFO]: <Feka27> 1 hora no server e ja escravizei 1 villager
[00:14:09] [Server thread/INFO]: <fabiomigueldp> Acha um de picareta agora
[00:15:38] [Server thread/WARN]: Can't keep up! Is the server overloaded? Running 2004ms or 40 ticks behind
[00:15:55] [Server thread/WARN]: Can't keep up! Is the server overloaded? Running 2507ms or 50 ticks behind
[00:16:13] [Server thread/WARN]: Can't keep up! Is the server overloaded? Running 2147ms or 42 ticks behind
[00:16:30] [Server thread/WARN]: Can't keep up! Is the server overloaded? Running 2837ms or 56 ticks behind
[00:16:50] [Server thread/WARN]: Can't keep up! Is the server overloaded? Running 4993ms or 99 ticks behind
[00:17:08] [Server thread/WARN]: Can't keep up! Is the server overloaded? Running 3005ms or 60 ticks behind
[00:17:28] [Server thread/WARN]: Can't keep up! Is the server overloaded? Running 4513ms or 90 ticks behind
[00:17:54] [Server thread/WARN]: Can't keep up! Is the server overloaded? Running 11638ms or 232 ticks behind
[00:18:12] [Server thread/WARN]: Can't keep up! Is the server overloaded? Running 2755ms or 55 ticks behind
[00:18:35] [Server thread/WARN]: Can't keep up! Is the server overloaded? Running 2045ms or 40 ticks behind
[00:18:58] [Server thread/WARN]: Can't keep up! Is the server overloaded? Running 8664ms or 173 ticks behind
[00:19:17] [Server thread/WARN]: Can't keep up! Is the server overloaded? Running 3358ms or 67 ticks behind
[00:19:37] [Server thread/WARN]: Can't keep up! Is the server overloaded? Running 4959ms or 99 ticks behind
[00:19:54] [Server thread/WARN]: Can't keep up! Is the server overloaded? Running 2462ms or 49 ticks behind
[00:20:12] [Server thread/WARN]: Can't keep up! Is the server overloaded? Running 2842ms or 56 ticks behind
[00:20:36] [Server thread/WARN]: Can't keep up! Is the server overloaded? Running 2004ms or 40 ticks behind
[00:21:11] [Server thread/INFO]: Feka27 lost connection: Disconnected
[00:21:11] [Server thread/INFO]: Feka27 left the game
[00:21:14] [User Authenticator #4/INFO]: UUID of player Feka27 is d59c5328-1269-473a-975f-15252308b2c9
[00:21:18] [Server thread/INFO]: Feka27[/[2804:14d:90a7:8409:5125:b16b:d333:cebf]:50553] logged in with entity id 14126 at (28.332598887770846, -60.0, 2867.300000011921)
[00:21:18] [Server thread/INFO]: Feka27 joined the game
[00:21:19] [Server thread/WARN]: Can't keep up! Is the server overloaded? Running 28677ms or 573 ticks behind
[00:21:27] [Server thread/INFO]: <Feka27> Boa noite
[00:21:32] [Server thread/INFO]: <Feka27> ja trabalhei mt por hj
[00:21:46] [Server thread/INFO]: <notmaah> boa noitee
[00:21:47] [Server thread/WARN]: Can't keep up! Is the server overloaded? Running 12771ms or 255 ticks behind
[00:21:57] [Server thread/INFO]: <Feka27> ja to com tnt pra quem encostar no meu barraco
[00:21:57] [Server thread/INFO]: <fabiomigueldp> sonhe com a yasbola
[00:22:04] [Server thread/WARN]: fabiomigueldp moved too quickly! -0.4034721198896314,31.644950661615894,-0.6898763791810723
[00:22:06] [Server thread/WARN]: fabiomigueldp moved too quickly! -1.756985924110742,0.0,-10.005067868293878
[00:22:17] [Server thread/WARN]: Can't keep up! Is the server overloaded? Running 14613ms or 292 ticks behind
[00:22:17] [Server thread/INFO]: <Feka27> ..
[00:22:20] [Server thread/INFO]: <Feka27> ...
[00:22:22] [Server thread/INFO]: [fabiomigueldp: Set the time to 0]
[00:22:40] [Server thread/WARN]: Can't keep up! Is the server overloaded? Running 8582ms or 171 ticks behind
[00:22:55] [Server thread/INFO]: <Feka27> nem tem direito na facens
[00:23:00] [Server thread/WARN]: Can't keep up! Is the server overloaded? Running 4490ms or 89 ticks behind
[00:23:00] [Server thread/INFO]: <Feka27> n da pra transferir
[00:23:03] [Server thread/INFO]: <Feka27> :(
[00:23:05] [Server thread/INFO]: Feka27 lost connection: Disconnected
[00:23:05] [Server thread/INFO]: Feka27 left the game
[00:26:35] [Server thread/WARN]: fabiomigueldp moved wrongly!
[00:27:00] [Server thread/WARN]: Can't keep up! Is the server overloaded? Running 2154ms or 43 ticks behind
[00:28:53] [Server thread/WARN]: Can't keep up! Is the server overloaded? Running 2043ms or 40 ticks behind
[00:29:31] [Server thread/WARN]: Can't keep up! Is the server overloaded? Running 2051ms or 41 ticks behind
[00:29:49] [Server thread/WARN]: Can't keep up! Is the server overloaded? Running 3013ms or 60 ticks behind
[00:30:06] [Server thread/WARN]: Can't keep up! Is the server overloaded? Running 2041ms or 40 ticks behind
[00:30:24] [Server thread/WARN]: Can't keep up! Is the server overloaded? Running 3406ms or 68 ticks behind
[00:30:42] [Server thread/WARN]: Can't keep up! Is the server overloaded? Running 2976ms or 59 ticks behind
[00:31:59] [Server thread/WARN]: Can't keep up! Is the server overloaded? Running 2086ms or 41 ticks behind
[00:32:18] [Server thread/WARN]: Can't keep up! Is the server overloaded? Running 4060ms or 81 ticks behind
[00:32:42] [Server thread/WARN]: Can't keep up! Is the server overloaded? Running 2010ms or 40 ticks behind
[00:33:15] [Server thread/WARN]: Can't keep up! Is the server overloaded? Running 2375ms or 47 ticks behind
[00:33:44] [Server thread/WARN]: Can't keep up! Is the server overloaded? Running 2017ms or 40 ticks behind
[00:34:02] [Server thread/WARN]: Can't keep up! Is the server overloaded? Running 2507ms or 50 ticks behind
[00:34:59] [Server thread/WARN]: Can't keep up! Is the server overloaded? Running 2104ms or 42 ticks behind
[00:35:19] [Server thread/WARN]: Can't keep up! Is the server overloaded? Running 2025ms or 40 ticks behind
[00:35:37] [Server thread/WARN]: Can't keep up! Is the server overloaded? Running 2864ms or 57 ticks behind
[00:35:54] [Server thread/WARN]: Can't keep up! Is the server overloaded? Running 2240ms or 44 ticks behind
[00:36:35] [Server thread/WARN]: Can't keep up! Is the server overloaded? Running 2258ms or 45 ticks behind
[00:36:54] [Server thread/WARN]: Can't keep up! Is the server overloaded? Running 2014ms or 40 ticks behind
[00:38:15] [Server thread/WARN]: Can't keep up! Is the server overloaded? Running 2006ms or 40 ticks behind
[00:38:34] [Server thread/WARN]: Can't keep up! Is the server overloaded? Running 4654ms or 93 ticks behind
[00:38:56] [Server thread/WARN]: Can't keep up! Is the server overloaded? Running 2005ms or 40 ticks behind
[00:39:13] [Server thread/WARN]: Can't keep up! Is the server overloaded? Running 2119ms or 42 ticks behind
[00:39:43] [Server thread/INFO]: <fabiomigueldp> já volto
[00:39:44] [Server thread/INFO]: fabiomigueldp lost connection: Disconnected
[00:39:44] [Server thread/INFO]: fabiomigueldp left the game
[00:44:45] [Server thread/INFO]: [Not Secure] [Server] o feka quer saber se a unip te leva até a santa casa
[00:45:03] [Server thread/INFO]: <notmaah> tipo de van?
[00:45:05] [Server thread/INFO]: <notmaah> nop
[00:45:06] [Server thread/INFO]: [Not Secure] [Server] sim
[00:45:34] [Server thread/INFO]: <notmaah> tem que ir com seu carro ou de onibus msm
[00:46:37] [Server thread/INFO]: notmaah lost connection: Disconnected
[00:46:37] [Server thread/INFO]: notmaah left the game
[00:46:38] [Server thread/INFO]: [Not Secure] [Server] ;{
[00:46:41] [Server thread/WARN]: Can't keep up! Is the server overloaded? Running 2109ms or 42 ticks behind
[00:49:04] [Server thread/INFO]: [Not Secure] [Server] você sabe configurar o port forwarding na sua rede?
[00:50:24] [Server thread/INFO]: Stopping the server
[00:50:24] [Server thread/INFO]: Stopping server
[00:50:24] [Server thread/INFO]: Saving players
[00:50:24] [Server thread/INFO]: Saving worlds
[00:50:25] [Server thread/INFO]: Saving chunks for level 'ServerLevel[world]'/minecraft:overworld
[00:50:25] [Server thread/INFO]: Saving chunks for level 'ServerLevel[world]'/minecraft:the_nether
[00:50:25] [Server thread/INFO]: Saving chunks for level 'ServerLevel[world]'/minecraft:the_end
[00:50:25] [Server thread/INFO]: ThreadedAnvilChunkStorage (world): All chunks are saved
[00:50:25] [Server thread/INFO]: ThreadedAnvilChunkStorage (DIM-1): All chunks are saved
[00:50:25] [Server thread/INFO]: ThreadedAnvilChunkStorage (DIM1): All chunks are saved
[00:50:25] [Server thread/INFO]: ThreadedAnvilChunkStorage: All dimensions are saved
